[ERROR][article.go:109]2019/01/20 11:28:47 [Content is required field]
[ERROR][article.go:109]2019/01/20 11:32:11 [Content is required field]
[ERROR][article.go:113]2019/01/20 11:35:24 [Title is required field]
[ERROR][article.go:113]2019/01/20 11:35:31 [標籤ID需大於0]
[ERROR][article.go:113]2019/01/20 11:35:31 [Title is required field]
[INFO][main.go:20]2019/01/20 11:45:59 [Actual pid is %d 33132]
[WARN][upload.go:41]2019/01/26 10:25:48 [open runtime/upload/images/54c3998236e5d08cb15ddb4b50700eb2.png: no such file or directory]
[WARN][upload.go:41]2019/01/26 10:27:27 [open runtime/upload/images/54c3998236e5d08cb15ddb4b50700eb2.png: no such file or directory]
[WARN][upload.go:17]2019/01/28 07:51:10 [read tcp 127.0.0.1:8001->127.0.0.1:54883: i/o timeout]
[INFO][request.go:12]2019/02/01 20:57:16 [CreatedBy.Required Can not be empty]
[INFO][request.go:12]2019/02/01 20:57:52 [CreatedBy.Required Can not be empty]
[ERROR][main.go:40]2019/02/17 10:42:55 [accept tcp [::]:50724: use of closed network connection]
[ERROR][main.go:41]2019/02/17 10:46:19 [accept tcp [::]:8000: use of closed network connection]
[ERROR][main.go:41]2019/02/20 15:37:03 [accept tcp [::]:8000: use of closed network connection]
[ERROR][main.go:41]2019/02/21 09:16:42 [accept tcp [::]:8000: use of closed network connection]
[ERROR][main.go:41]2019/02/21 09:18:49 [accept tcp [::]:8000: use of closed network connection]
[ERROR][main.go:41]2019/02/21 12:26:22 [accept tcp [::]:8000: use of closed network connection]
[ERROR][main.go:41]2019/02/21 14:33:47 [accept tcp [::]:8000: use of closed network connection]
[ERROR][main.go:41]2019/02/21 14:43:19 [accept tcp [::]:8000: use of closed network connection]
[ERROR][main.go:41]2019/02/21 14:43:51 [accept tcp [::]:8000: use of closed network connection]
[ERROR][main.go:41]2019/02/21 14:47:13 [accept tcp [::]:8000: use of closed network connection]
[ERROR][main.go:41]2019/02/21 14:48:02 [accept tcp [::]:8000: use of closed network connection]
[ERROR][main.go:41]2019/02/21 14:48:36 [accept tcp [::]:8000: use of closed network connection]
[ERROR][main.go:41]2019/02/21 16:22:20 [accept tcp [::]:8000: use of closed network connection]
[ERROR][main.go:41]2019/02/21 17:22:47 [accept tcp [::]:8000: use of closed network connection]
[ERROR][main.go:41]2019/02/21 17:27:54 [accept tcp [::]:8000: use of closed network connection]
[ERROR][main.go:41]2019/02/21 17:33:48 [accept tcp [::]:8000: use of closed network connection]
[ERROR][main.go:41]2019/02/21 17:41:30 [accept tcp [::]:8000: use of closed network connection]
[ERROR][main.go:41]2019/02/21 17:42:53 [accept tcp [::]:8000: use of closed network connection]
[ERROR][main.go:42]2019/02/23 15:36:18 [accept tcp [::]:8000: use of closed network connection]
[ERROR][main.go:42]2019/02/23 15:42:43 [accept tcp [::]:8000: use of closed network connection]
[ERROR][main.go:40]2019/02/23 15:42:51 [accept tcp [::]:8000: use of closed network connection]
[ERROR][main.go:40]2019/02/23 15:44:59 [accept tcp [::]:8000: use of closed network connection]
